This is pdfTeX, Version 3.1415926-2.3-1.40.12 (TeX Live 2011) (format=pdflatex 2012.1.5)  26 MAR 2012 17:27
entering extended mode
 restricted \write18 enabled.
 %&-line parsing enabled.
**compte-rendu-final.tex
(./compte-rendu-final.tex
LaTeX2e <2009/09/24>
Babel <v3.8l> and hyphenation patterns for english, dumylang, nohyphenation, ge
rman-x-2009-06-19, ngerman-x-2009-06-19, afrikaans, ancientgreek, ibycus, arabi
c, armenian, basque, bulgarian, catalan, pinyin, coptic, croatian, czech, danis
h, dutch, ukenglish, usenglishmax, esperanto, estonian, ethiopic, farsi, finnis
h, french, galician, german, ngerman, swissgerman, monogreek, greek, hungarian,
 icelandic, assamese, bengali, gujarati, hindi, kannada, malayalam, marathi, or
iya, panjabi, tamil, telugu, indonesian, interlingua, irish, italian, kurmanji,
 lao, latin, latvian, lithuanian, mongolian, mongolianlmc, bokmal, nynorsk, pol
ish, portuguese, romanian, russian, sanskrit, serbian, serbianc, slovak, sloven
ian, spanish, swedish, turkish, turkmen, ukrainian, uppersorbian, welsh, loaded
.
(/usr/local/texlive/2011/texmf-dist/tex/latex/base/article.cls
Document Class: article 2007/10/19 v1.4h Standard LaTeX document class
(/usr/local/texlive/2011/texmf-dist/tex/latex/base/size10.clo
File: size10.clo 2007/10/19 v1.4h Standard LaTeX file (size option)
)
\c@part=\count79
\c@section=\count80
\c@subsection=\count81
\c@subsubsection=\count82
\c@paragraph=\count83
\c@subparagraph=\count84
\c@figure=\count85
\c@table=\count86
\abovecaptionskip=\skip41
\belowcaptionskip=\skip42
\bibindent=\dimen102
)
(/usr/local/texlive/2011/texmf-dist/tex/latex/base/inputenc.sty
Package: inputenc 2008/03/30 v1.1d Input encoding file
\inpenc@prehook=\toks14
\inpenc@posthook=\toks15

(/usr/local/texlive/2011/texmf-dist/tex/latex/base/utf8.def
File: utf8.def 2008/04/05 v1.1m UTF-8 support for inputenc
Now handling font encoding OML ...
... no UTF-8 mapping file for font encoding OML
Now handling font encoding T1 ...
... processing UTF-8 mapping file for font encoding T1

(/usr/local/texlive/2011/texmf-dist/tex/latex/base/t1enc.dfu
File: t1enc.dfu 2008/04/05 v1.1m UTF-8 support for inputenc
   defining Unicode char U+00A1 (decimal 161)
   defining Unicode char U+00A3 (decimal 163)
   defining Unicode char U+00AB (decimal 171)
   defining Unicode char U+00BB (decimal 187)
   defining Unicode char U+00BF (decimal 191)
   defining Unicode char U+00C0 (decimal 192)
   defining Unicode char U+00C1 (decimal 193)
   defining Unicode char U+00C2 (decimal 194)
   defining Unicode char U+00C3 (decimal 195)
   defining Unicode char U+00C4 (decimal 196)
   defining Unicode char U+00C5 (decimal 197)
   defining Unicode char U+00C6 (decimal 198)
   defining Unicode char U+00C7 (decimal 199)
   defining Unicode char U+00C8 (decimal 200)
   defining Unicode char U+00C9 (decimal 201)
   defining Unicode char U+00CA (decimal 202)
   defining Unicode char U+00CB (decimal 203)
   defining Unicode char U+00CC (decimal 204)
   defining Unicode char U+00CD (decimal 205)
   defining Unicode char U+00CE (decimal 206)
   defining Unicode char U+00CF (decimal 207)
   defining Unicode char U+00D0 (decimal 208)
   defining Unicode char U+00D1 (decimal 209)
   defining Unicode char U+00D2 (decimal 210)
   defining Unicode char U+00D3 (decimal 211)
   defining Unicode char U+00D4 (decimal 212)
   defining Unicode char U+00D5 (decimal 213)
   defining Unicode char U+00D6 (decimal 214)
   defining Unicode char U+00D8 (decimal 216)
   defining Unicode char U+00D9 (decimal 217)
   defining Unicode char U+00DA (decimal 218)
   defining Unicode char U+00DB (decimal 219)
   defining Unicode char U+00DC (decimal 220)
   defining Unicode char U+00DD (decimal 221)
   defining Unicode char U+00DE (decimal 222)
   defining Unicode char U+00DF (decimal 223)
   defining Unicode char U+00E0 (decimal 224)
   defining Unicode char U+00E1 (decimal 225)
   defining Unicode char U+00E2 (decimal 226)
   defining Unicode char U+00E3 (decimal 227)
   defining Unicode char U+00E4 (decimal 228)
   defining Unicode char U+00E5 (decimal 229)
   defining Unicode char U+00E6 (decimal 230)
   defining Unicode char U+00E7 (decimal 231)
   defining Unicode char U+00E8 (decimal 232)
   defining Unicode char U+00E9 (decimal 233)
   defining Unicode char U+00EA (decimal 234)
   defining Unicode char U+00EB (decimal 235)
   defining Unicode char U+00EC (decimal 236)
   defining Unicode char U+00ED (decimal 237)
   defining Unicode char U+00EE (decimal 238)
   defining Unicode char U+00EF (decimal 239)
   defining Unicode char U+00F0 (decimal 240)
   defining Unicode char U+00F1 (decimal 241)
   defining Unicode char U+00F2 (decimal 242)
   defining Unicode char U+00F3 (decimal 243)
   defining Unicode char U+00F4 (decimal 244)
   defining Unicode char U+00F5 (decimal 245)
   defining Unicode char U+00F6 (decimal 246)
   defining Unicode char U+00F8 (decimal 248)
   defining Unicode char U+00F9 (decimal 249)
   defining Unicode char U+00FA (decimal 250)
   defining Unicode char U+00FB (decimal 251)
   defining Unicode char U+00FC (decimal 252)
   defining Unicode char U+00FD (decimal 253)
   defining Unicode char U+00FE (decimal 254)
   defining Unicode char U+00FF (decimal 255)
   defining Unicode char U+0102 (decimal 258)
   defining Unicode char U+0103 (decimal 259)
   defining Unicode char U+0104 (decimal 260)
   defining Unicode char U+0105 (decimal 261)
   defining Unicode char U+0106 (decimal 262)
   defining Unicode char U+0107 (decimal 263)
   defining Unicode char U+010C (decimal 268)
   defining Unicode char U+010D (decimal 269)
   defining Unicode char U+010E (decimal 270)
   defining Unicode char U+010F (decimal 271)
   defining Unicode char U+0110 (decimal 272)
   defining Unicode char U+0111 (decimal 273)
   defining Unicode char U+0118 (decimal 280)
   defining Unicode char U+0119 (decimal 281)
   defining Unicode char U+011A (decimal 282)
   defining Unicode char U+011B (decimal 283)
   defining Unicode char U+011E (decimal 286)
   defining Unicode char U+011F (decimal 287)
   defining Unicode char U+0130 (decimal 304)
   defining Unicode char U+0131 (decimal 305)
   defining Unicode char U+0132 (decimal 306)
   defining Unicode char U+0133 (decimal 307)
   defining Unicode char U+0139 (decimal 313)
   defining Unicode char U+013A (decimal 314)
   defining Unicode char U+013D (decimal 317)
   defining Unicode char U+013E (decimal 318)
   defining Unicode char U+0141 (decimal 321)
   defining Unicode char U+0142 (decimal 322)
   defining Unicode char U+0143 (decimal 323)
   defining Unicode char U+0144 (decimal 324)
   defining Unicode char U+0147 (decimal 327)
   defining Unicode char U+0148 (decimal 328)
   defining Unicode char U+014A (decimal 330)
   defining Unicode char U+014B (decimal 331)
   defining Unicode char U+0150 (decimal 336)
   defining Unicode char U+0151 (decimal 337)
   defining Unicode char U+0152 (decimal 338)
   defining Unicode char U+0153 (decimal 339)
   defining Unicode char U+0154 (decimal 340)
   defining Unicode char U+0155 (decimal 341)
   defining Unicode char U+0158 (decimal 344)
   defining Unicode char U+0159 (decimal 345)
   defining Unicode char U+015A (decimal 346)
   defining Unicode char U+015B (decimal 347)
   defining Unicode char U+015E (decimal 350)
   defining Unicode char U+015F (decimal 351)
   defining Unicode char U+0160 (decimal 352)
   defining Unicode char U+0161 (decimal 353)
   defining Unicode char U+0162 (decimal 354)
   defining Unicode char U+0163 (decimal 355)
   defining Unicode char U+0164 (decimal 356)
   defining Unicode char U+0165 (decimal 357)
   defining Unicode char U+016E (decimal 366)
   defining Unicode char U+016F (decimal 367)
   defining Unicode char U+0170 (decimal 368)
   defining Unicode char U+0171 (decimal 369)
   defining Unicode char U+0178 (decimal 376)
   defining Unicode char U+0179 (decimal 377)
   defining Unicode char U+017A (decimal 378)
   defining Unicode char U+017B (decimal 379)
   defining Unicode char U+017C (decimal 380)
   defining Unicode char U+017D (decimal 381)
   defining Unicode char U+017E (decimal 382)
   defining Unicode char U+200C (decimal 8204)
   defining Unicode char U+2013 (decimal 8211)
   defining Unicode char U+2014 (decimal 8212)
   defining Unicode char U+2018 (decimal 8216)
   defining Unicode char U+2019 (decimal 8217)
   defining Unicode char U+201A (decimal 8218)
   defining Unicode char U+201C (decimal 8220)
   defining Unicode char U+201D (decimal 8221)
   defining Unicode char U+201E (decimal 8222)
   defining Unicode char U+2030 (decimal 8240)
   defining Unicode char U+2031 (decimal 8241)
   defining Unicode char U+2039 (decimal 8249)
   defining Unicode char U+203A (decimal 8250)
   defining Unicode char U+2423 (decimal 9251)
)
Now handling font encoding OT1 ...
... processing UTF-8 mapping file for font encoding OT1

(/usr/local/texlive/2011/texmf-dist/tex/latex/base/ot1enc.dfu
File: ot1enc.dfu 2008/04/05 v1.1m UTF-8 support for inputenc
   defining Unicode char U+00A1 (decimal 161)
   defining Unicode char U+00A3 (decimal 163)
   defining Unicode char U+00B8 (decimal 184)
   defining Unicode char U+00BF (decimal 191)
   defining Unicode char U+00C5 (decimal 197)
   defining Unicode char U+00C6 (decimal 198)
   defining Unicode char U+00D8 (decimal 216)
   defining Unicode char U+00DF (decimal 223)
   defining Unicode char U+00E6 (decimal 230)
   defining Unicode char U+00EC (decimal 236)
   defining Unicode char U+00ED (decimal 237)
   defining Unicode char U+00EE (decimal 238)
   defining Unicode char U+00EF (decimal 239)
   defining Unicode char U+00F8 (decimal 248)
   defining Unicode char U+0131 (decimal 305)
   defining Unicode char U+0141 (decimal 321)
   defining Unicode char U+0142 (decimal 322)
   defining Unicode char U+0152 (decimal 338)
   defining Unicode char U+0153 (decimal 339)
   defining Unicode char U+2013 (decimal 8211)
   defining Unicode char U+2014 (decimal 8212)
   defining Unicode char U+2018 (decimal 8216)
   defining Unicode char U+2019 (decimal 8217)
   defining Unicode char U+201C (decimal 8220)
   defining Unicode char U+201D (decimal 8221)
)
Now handling font encoding OMS ...
... processing UTF-8 mapping file for font encoding OMS

(/usr/local/texlive/2011/texmf-dist/tex/latex/base/omsenc.dfu
File: omsenc.dfu 2008/04/05 v1.1m UTF-8 support for inputenc
   defining Unicode char U+00A7 (decimal 167)
   defining Unicode char U+00B6 (decimal 182)
   defining Unicode char U+00B7 (decimal 183)
   defining Unicode char U+2020 (decimal 8224)
   defining Unicode char U+2021 (decimal 8225)
   defining Unicode char U+2022 (decimal 8226)
)
Now handling font encoding OMX ...
... no UTF-8 mapping file for font encoding OMX
Now handling font encoding U ...
... no UTF-8 mapping file for font encoding U
   defining Unicode char U+00A9 (decimal 169)
   defining Unicode char U+00AA (decimal 170)
   defining Unicode char U+00AE (decimal 174)
   defining Unicode char U+00BA (decimal 186)
   defining Unicode char U+02C6 (decimal 710)
   defining Unicode char U+02DC (decimal 732)
   defining Unicode char U+200C (decimal 8204)
   defining Unicode char U+2026 (decimal 8230)
   defining Unicode char U+2122 (decimal 8482)
   defining Unicode char U+2423 (decimal 9251)
))
(/usr/local/texlive/2011/texmf-dist/tex/latex/geometry/geometry.sty
Package: geometry 2010/09/12 v5.6 Page Geometry

(/usr/local/texlive/2011/texmf-dist/tex/latex/graphics/keyval.sty
Package: keyval 1999/03/16 v1.13 key=value parser (DPC)
\KV@toks@=\toks16
)
(/usr/local/texlive/2011/texmf-dist/tex/generic/oberdiek/ifpdf.sty
Package: ifpdf 2011/01/30 v2.3 Provides the ifpdf switch (HO)
Package ifpdf Info: pdfTeX in PDF mode is detected.
)
(/usr/local/texlive/2011/texmf-dist/tex/generic/oberdiek/ifvtex.sty
Package: ifvtex 2010/03/01 v1.5 Switches for detecting VTeX and its modes (HO)
Package ifvtex Info: VTeX not detected.
)
(/usr/local/texlive/2011/texmf-dist/tex/generic/ifxetex/ifxetex.sty
Package: ifxetex 2010/09/12 v0.6 Provides ifxetex conditional
)
\Gm@cnth=\count87
\Gm@cntv=\count88
\c@Gm@tempcnt=\count89
\Gm@bindingoffset=\dimen103
\Gm@wd@mp=\dimen104
\Gm@odd@mp=\dimen105
\Gm@even@mp=\dimen106
\Gm@layoutwidth=\dimen107
\Gm@layoutheight=\dimen108
\Gm@layouthoffset=\dimen109
\Gm@layoutvoffset=\dimen110
\Gm@dimlist=\toks17
)
(/usr/local/texlive/2011/texmf-dist/tex/latex/ucs/ucs.sty
Package: ucs 2004/10/17 UCS: Unicode input support

(/usr/local/texlive/2011/texmf-dist/tex/latex/ucs/data/uni-global.def
File: uni-global.def 2004/10/17 UCS: Unicode global data
)
\uc@secondtry=\count90
\uc@combtoks=\toks18
\uc@combtoksb=\toks19
\uc@temptokena=\toks20
)
(/usr/local/texlive/2011/texmf-dist/tex/latex/base/fontenc.sty
Package: fontenc 2005/09/27 v1.99g Standard LaTeX package

(/usr/local/texlive/2011/texmf-dist/tex/latex/base/t1enc.def
File: t1enc.def 2005/09/27 v1.99g Standard LaTeX file
LaTeX Font Info:    Redeclaring font encoding T1 on input line 43.
))
(/usr/local/texlive/2011/texmf-dist/tex/latex/lm/lmodern.sty
Package: lmodern 2009/10/30 v1.6 Latin Modern Fonts
LaTeX Font Info:    Overwriting symbol font `operators' in version `normal'
(Font)                  OT1/cmr/m/n --> OT1/lmr/m/n on input line 22.
LaTeX Font Info:    Overwriting symbol font `letters' in version `normal'
(Font)                  OML/cmm/m/it --> OML/lmm/m/it on input line 23.
LaTeX Font Info:    Overwriting symbol font `symbols' in version `normal'
(Font)                  OMS/cmsy/m/n --> OMS/lmsy/m/n on input line 24.
LaTeX Font Info:    Overwriting symbol font `largesymbols' in version `normal'
(Font)                  OMX/cmex/m/n --> OMX/lmex/m/n on input line 25.
LaTeX Font Info:    Overwriting symbol font `operators' in version `bold'
(Font)                  OT1/cmr/bx/n --> OT1/lmr/bx/n on input line 26.
LaTeX Font Info:    Overwriting symbol font `letters' in version `bold'
(Font)                  OML/cmm/b/it --> OML/lmm/b/it on input line 27.
LaTeX Font Info:    Overwriting symbol font `symbols' in version `bold'
(Font)                  OMS/cmsy/b/n --> OMS/lmsy/b/n on input line 28.
LaTeX Font Info:    Overwriting symbol font `largesymbols' in version `bold'
(Font)                  OMX/cmex/m/n --> OMX/lmex/m/n on input line 29.
LaTeX Font Info:    Overwriting math alphabet `\mathbf' in version `normal'
(Font)                  OT1/cmr/bx/n --> OT1/lmr/bx/n on input line 31.
LaTeX Font Info:    Overwriting math alphabet `\mathsf' in version `normal'
(Font)                  OT1/cmss/m/n --> OT1/lmss/m/n on input line 32.
LaTeX Font Info:    Overwriting math alphabet `\mathit' in version `normal'
(Font)                  OT1/cmr/m/it --> OT1/lmr/m/it on input line 33.
LaTeX Font Info:    Overwriting math alphabet `\mathtt' in version `normal'
(Font)                  OT1/cmtt/m/n --> OT1/lmtt/m/n on input line 34.
LaTeX Font Info:    Overwriting math alphabet `\mathbf' in version `bold'
(Font)                  OT1/cmr/bx/n --> OT1/lmr/bx/n on input line 35.
LaTeX Font Info:    Overwriting math alphabet `\mathsf' in version `bold'
(Font)                  OT1/cmss/bx/n --> OT1/lmss/bx/n on input line 36.
LaTeX Font Info:    Overwriting math alphabet `\mathit' in version `bold'
(Font)                  OT1/cmr/bx/it --> OT1/lmr/bx/it on input line 37.
LaTeX Font Info:    Overwriting math alphabet `\mathtt' in version `bold'
(Font)                  OT1/cmtt/m/n --> OT1/lmtt/m/n on input line 38.
)
(/usr/local/texlive/2011/texmf-dist/tex/generic/babel/babel.sty
Package: babel 2008/07/06 v3.8l The Babel package

(/usr/local/texlive/2011/texmf-dist/tex/generic/babel/frenchb.ldf
Language: frenchb 2009/03/16 v2.3d French support from the babel system

(/usr/local/texlive/2011/texmf-dist/tex/generic/babel/babel.def
File: babel.def 2008/07/06 v3.8l Babel common definitions
\babel@savecnt=\count91
\U@D=\dimen111
)
Package babel Info: Making : an active character on input line 120.
Package babel Info: Making ; an active character on input line 121.
Package babel Info: Making ! an active character on input line 122.
Package babel Info: Making ? an active character on input line 123.
\FB@Mht=\dimen112
\std@mcc=\count92
\dec@mcc=\count93
\parindentFFN=\dimen113

*************************************
* Local config file frenchb.cfg used
*
(/usr/local/texlive/2011/texmf-dist/tex/generic/babel/frenchb.cfg)))
(/usr/local/texlive/2011/texmf-dist/tex/latex/carlisle/scalefnt.sty)
(/usr/local/texlive/2011/texmf-dist/tex/latex/graphics/graphicx.sty
Package: graphicx 1999/02/16 v1.0f Enhanced LaTeX Graphics (DPC,SPQR)

(/usr/local/texlive/2011/texmf-dist/tex/latex/graphics/graphics.sty
Package: graphics 2009/02/05 v1.0o Standard LaTeX Graphics (DPC,SPQR)

(/usr/local/texlive/2011/texmf-dist/tex/latex/graphics/trig.sty
Package: trig 1999/03/16 v1.09 sin cos tan (DPC)
)
(/usr/local/texlive/2011/texmf-dist/tex/latex/latexconfig/graphics.cfg
File: graphics.cfg 2010/04/23 v1.9 graphics configuration of TeX Live
)
Package graphics Info: Driver file: pdftex.def on input line 91.

(/usr/local/texlive/2011/texmf-dist/tex/latex/pdftex-def/pdftex.def
File: pdftex.def 2011/05/27 v0.06d Graphics/color for pdfTeX

(/usr/local/texlive/2011/texmf-dist/tex/generic/oberdiek/infwarerr.sty
Package: infwarerr 2010/04/08 v1.3 Providing info/warning/message (HO)
)
(/usr/local/texlive/2011/texmf-dist/tex/generic/oberdiek/ltxcmds.sty
Package: ltxcmds 2011/04/18 v1.20 LaTeX kernel commands for general use (HO)
)
\Gread@gobject=\count94
))
\Gin@req@height=\dimen114
\Gin@req@width=\dimen115
)
(/usr/local/texlive/2011/texmf-dist/tex/latex/eurosym/eurosym.sty
Package: eurosym 1998/08/06 v1.1 European currency symbol ``Euro''
\@eurobox=\box26
)
(/usr/local/texlive/2011/texmf-dist/tex/latex/float/float.sty
Package: float 2001/11/08 v1.3d Float enhancements (AL)
\c@float@type=\count95
\float@exts=\toks21
\float@box=\box27
\@float@everytoks=\toks22
\@floatcapt=\box28
)
(/usr/local/texlive/2011/texmf-dist/tex/latex/caption/caption.sty
Package: caption 2010/01/09 v3.1m Customizing captions (AR)

(/usr/local/texlive/2011/texmf-dist/tex/latex/caption/caption3.sty
Package: caption3 2010/01/14 v3.1m caption3 kernel (AR)
\captionmargin=\dimen116
\captionmargin@=\dimen117
\captionwidth=\dimen118
\caption@indent=\dimen119
\caption@parindent=\dimen120
\caption@hangindent=\dimen121
)
\c@ContinuedFloat=\count96
Package caption Info: float package is loaded.
)
(/usr/local/texlive/2011/texmf-dist/tex/latex/fancyhdr/fancyhdr.sty
\fancy@headwidth=\skip43
\f@ncyO@elh=\skip44
\f@ncyO@erh=\skip45
\f@ncyO@olh=\skip46
\f@ncyO@orh=\skip47
\f@ncyO@elf=\skip48
\f@ncyO@erf=\skip49
\f@ncyO@olf=\skip50
\f@ncyO@orf=\skip51
)
(./compte-rendu-final.aux)
\openout1 = `compte-rendu-final.aux'.

LaTeX Font Info:    Checking defaults for OML/cmm/m/it on input line 42.
LaTeX Font Info:    ... okay on input line 42.
LaTeX Font Info:    Checking defaults for T1/cmr/m/n on input line 42.
LaTeX Font Info:    ... okay on input line 42.
LaTeX Font Info:    Checking defaults for OT1/cmr/m/n on input line 42.
LaTeX Font Info:    ... okay on input line 42.
LaTeX Font Info:    Checking defaults for OMS/cmsy/m/n on input line 42.
LaTeX Font Info:    ... okay on input line 42.
LaTeX Font Info:    Checking defaults for OMX/cmex/m/n on input line 42.
LaTeX Font Info:    ... okay on input line 42.
LaTeX Font Info:    Checking defaults for U/cmr/m/n on input line 42.
LaTeX Font Info:    ... okay on input line 42.
LaTeX Font Info:    Try loading font information for T1+lmr on input line 42.

(/usr/local/texlive/2011/texmf-dist/tex/latex/lm/t1lmr.fd
File: t1lmr.fd 2009/10/30 v1.6 Font defs for Latin Modern
)
*geometry* driver: auto-detecting
*geometry* detected driver: pdftex
*geometry* verbose mode - [ preamble ] result:
* driver: pdftex
* paper: a4paper
* layout: <same size as paper>
* layoutoffset:(h,v)=(0.0pt,0.0pt)
* modes: 
* h-part:(L,W,R)=(56.9055pt, 483.69687pt, 56.9055pt)
* v-part:(T,H,B)=(56.9055pt, 731.23584pt, 56.9055pt)
* \paperwidth=597.50787pt
* \paperheight=845.04684pt
* \textwidth=483.69687pt
* \textheight=731.23584pt
* \oddsidemargin=-15.36449pt
* \evensidemargin=-15.36449pt
* \topmargin=-52.36449pt
* \headheight=15.0pt
* \headsep=25.0pt
* \topskip=10.0pt
* \footskip=30.0pt
* \marginparwidth=57.0pt
* \marginparsep=11.0pt
* \columnsep=10.0pt
* \skip\footins=9.0pt plus 4.0pt minus 2.0pt
* \hoffset=0.0pt
* \voffset=0.0pt
* \mag=1000
* \@twocolumnfalse
* \@twosidefalse
* \@mparswitchfalse
* \@reversemarginfalse
* (1in=72.27pt=25.4mm, 1cm=28.453pt)

(/usr/local/texlive/2011/texmf-dist/tex/latex/ucs/ucsencs.def
File: ucsencs.def 2003/11/29 Fixes to fontencodings LGR, T3
)

Package ucs Warning: ***************************
(ucs)                You seem to have loaded inputencoding utf8
(ucs)                (LaTeX kernel UTF-8) instead of utf8x (ucs.sty UTF-8).
(ucs)                Probably you are compiling a document written for a
(ucs)                pre-august-2004 ucs.sty.
(ucs)                ***************************
(ucs)                Please use \usepackage[utf8x]{inputenc} instead of
(ucs)                \usepackage[utf8]{inputenc}.
(ucs)                ***************************
(ucs)                If you should really want to use ucs.sty and kernel's
(ucs)                utf8.def together, use \usepackage[utf8x,utf8]{inputenc}
(ucs)                to disable compatibility mode
(ucs)                ***************************
(ucs)                Activating compatibility mode.
(ucs)                ***************************
(ucs)                 on input line 42.

(/usr/local/texlive/2011/texmf-dist/tex/latex/ucs/utf8x.def
File: utf8x.def 2004/10/17 UCS: Input encoding UTF-8
)
LaTeX Info: Redefining \degres on input line 42.
LaTeX Info: Redefining \dots on input line 42.
LaTeX Info: Redefining \up on input line 42.

(/usr/local/texlive/2011/texmf-dist/tex/context/base/supp-pdf.mkii
[Loading MPS to PDF converter (version 2006.09.02).]
\scratchcounter=\count97
\scratchdimen=\dimen122
\scratchbox=\box29
\nofMPsegments=\count98
\nofMParguments=\count99
\everyMPshowfont=\toks23
\MPscratchCnt=\count100
\MPscratchDim=\dimen123
\MPnumerator=\count101
\makeMPintoPDFobject=\count102
\everyMPtoPDFconversion=\toks24
) (/usr/local/texlive/2011/texmf-dist/tex/generic/oberdiek/pdftexcmds.sty
Package: pdftexcmds 2011/04/22 v0.16 Utilities of pdfTeX for LuaTeX (HO)

(/usr/local/texlive/2011/texmf-dist/tex/generic/oberdiek/ifluatex.sty
Package: ifluatex 2010/03/01 v1.3 Provides the ifluatex switch (HO)
Package ifluatex Info: LuaTeX not detected.
)
Package pdftexcmds Info: LuaTeX not detected.
Package pdftexcmds Info: \pdf@primitive is available.
Package pdftexcmds Info: \pdf@ifprimitive is available.
Package pdftexcmds Info: \pdfdraftmode found.
)
(/usr/local/texlive/2011/texmf-dist/tex/latex/oberdiek/epstopdf-base.sty
Package: epstopdf-base 2010/02/09 v2.5 Base part for package epstopdf

(/usr/local/texlive/2011/texmf-dist/tex/latex/oberdiek/grfext.sty
Package: grfext 2010/08/19 v1.1 Managing graphics extensions (HO)

(/usr/local/texlive/2011/texmf-dist/tex/generic/oberdiek/kvdefinekeys.sty
Package: kvdefinekeys 2011/04/07 v1.3 Defining keys (HO)
))
(/usr/local/texlive/2011/texmf-dist/tex/latex/oberdiek/kvoptions.sty
Package: kvoptions 2010/12/23 v3.10 Keyval support for LaTeX options (HO)

(/usr/local/texlive/2011/texmf-dist/tex/generic/oberdiek/kvsetkeys.sty
Package: kvsetkeys 2011/04/07 v1.13 Key value parser (HO)

(/usr/local/texlive/2011/texmf-dist/tex/generic/oberdiek/etexcmds.sty
Package: etexcmds 2011/02/16 v1.5 Prefix for e-TeX command names (HO)
Package etexcmds Info: Could not find \expanded.
(etexcmds)             That can mean that you are not using pdfTeX 1.50 or
(etexcmds)             that some package has redefined \expanded.
(etexcmds)             In the latter case, load this package earlier.
)))
Package grfext Info: Graphics extension search list:
(grfext)             [.png,.pdf,.jpg,.mps,.jpeg,.jbig2,.jb2,.PNG,.PDF,.JPG,.JPE
G,.JBIG2,.JB2,.eps]
(grfext)             \AppendGraphicsExtensions on input line 452.

(/usr/local/texlive/2011/texmf-dist/tex/latex/latexconfig/epstopdf-sys.cfg
File: epstopdf-sys.cfg 2010/07/13 v1.3 Configuration of (r)epstopdf for TeX Liv
e
))
Package caption Info: Begin \AtBeginDocument code.
Package caption Info: End \AtBeginDocument code.

(/usr/local/texlive/2011/texmf-dist/tex/latex/ucs/data/uni-0.def
File: uni-0.def 2004/10/17 UCS: Unicode data U+0000..U+00FF
)
LaTeX Font Info:    Try loading font information for OT1+lmr on input line 63.

(/usr/local/texlive/2011/texmf-dist/tex/latex/lm/ot1lmr.fd
File: ot1lmr.fd 2009/10/30 v1.6 Font defs for Latin Modern
)
LaTeX Font Info:    Try loading font information for OML+lmm on input line 63.

(/usr/local/texlive/2011/texmf-dist/tex/latex/lm/omllmm.fd
File: omllmm.fd 2009/10/30 v1.6 Font defs for Latin Modern
)
LaTeX Font Info:    Try loading font information for OMS+lmsy on input line 63.


(/usr/local/texlive/2011/texmf-dist/tex/latex/lm/omslmsy.fd
File: omslmsy.fd 2009/10/30 v1.6 Font defs for Latin Modern
)
LaTeX Font Info:    Try loading font information for OMX+lmex on input line 63.


(/usr/local/texlive/2011/texmf-dist/tex/latex/lm/omxlmex.fd
File: omxlmex.fd 2009/10/30 v1.6 Font defs for Latin Modern
)
LaTeX Font Info:    External font `lmex10' loaded for size
(Font)              <10> on input line 63.
LaTeX Font Info:    External font `lmex10' loaded for size
(Font)              <7> on input line 63.
LaTeX Font Info:    External font `lmex10' loaded for size
(Font)              <5> on input line 63.
 [1

{/usr/local/texlive/2011/texmf-var/fonts/map/pdftex/updmap/pdftex.map}]
(./compte-rendu-final.toc)
\tf@toc=\write3
\openout3 = `compte-rendu-final.toc'.

 [1] (./conception-ensemble.tex
<../../diagrammeActivite/DACU1.png, id=15, 447.5922pt x 586.8324pt>
File: ../../diagrammeActivite/DACU1.png Graphic file (type png)

<use ../../diagrammeActivite/DACU1.png>
Package pdftex.def Info: ../../diagrammeActivite/DACU1.png used on input line 9
.
(pdftex.def)             Requested size: 447.5911pt x 586.83096pt.

<../../diagrammeActivite/DACU2.png, id=17, 461.5644pt x 769.4346pt>
File: ../../diagrammeActivite/DACU2.png Graphic file (type png)

<use ../../diagrammeActivite/DACU2.png>
Package pdftex.def Info: ../../diagrammeActivite/DACU2.png used on input line 1
0.
(pdftex.def)             Requested size: 461.56328pt x 769.43272pt.

<../../diagrammeActivite/DACU3.png, id=18, 408.0846pt x 530.9436pt>
File: ../../diagrammeActivite/DACU3.png Graphic file (type png)

<use ../../diagrammeActivite/DACU3.png>
Package pdftex.def Info: ../../diagrammeActivite/DACU3.png used on input line 1
1.
(pdftex.def)             Requested size: 408.08359pt x 530.94229pt.

<../../diagrammeActivite/DACU4.png, id=19, 496.7358pt x 1098.0222pt>
File: ../../diagrammeActivite/DACU4.png Graphic file (type png)

<use ../../diagrammeActivite/DACU4.png>
Package pdftex.def Info: ../../diagrammeActivite/DACU4.png used on input line 1
2.
(pdftex.def)             Requested size: 298.04376pt x 658.81842pt.

<../../diagrammeActivite/DACU5.png, id=20, 473.6094pt x 737.6358pt>
File: ../../diagrammeActivite/DACU5.png Graphic file (type png)

<use ../../diagrammeActivite/DACU5.png>
Package pdftex.def Info: ../../diagrammeActivite/DACU5.png used on input line 1
3.
(pdftex.def)             Requested size: 473.60825pt x 737.634pt.

<../../diagrammeActivite/DACU6.png, id=21, 436.5108pt x 769.4346pt>
File: ../../diagrammeActivite/DACU6.png Graphic file (type png)

<use ../../diagrammeActivite/DACU6.png>
Package pdftex.def Info: ../../diagrammeActivite/DACU6.png used on input line 1
4.
(pdftex.def)             Requested size: 349.2091pt x 615.54852pt.

<../../diagrammeActivite/DACU7.png, id=22, 505.89pt x 691.58376pt>
File: ../../diagrammeActivite/DACU7.png Graphic file (type png)

<use ../../diagrammeActivite/DACU7.png>
Package pdftex.def Info: ../../diagrammeActivite/DACU7.png used on input line 1
5.
(pdftex.def)             Requested size: 505.88875pt x 691.58206pt.

<../../diagrammeActivite/DACU8.jpg, id=23, 243.15843pt x 324.46219pt>
File: ../../diagrammeActivite/DACU8.jpg Graphic file (type jpg)

<use ../../diagrammeActivite/DACU8.jpg>
Package pdftex.def Info: ../../diagrammeActivite/DACU8.jpg used on input line 1
6.
(pdftex.def)             Requested size: 243.15784pt x 324.46138pt.

<../../diagrammeActivite/DACU9.jpg, id=24, 367.3725pt x 391.4625pt>
File: ../../diagrammeActivite/DACU9.jpg Graphic file (type jpg)

<use ../../diagrammeActivite/DACU9.jpg>
Package pdftex.def Info: ../../diagrammeActivite/DACU9.jpg used on input line 1
7.
(pdftex.def)             Requested size: 367.37158pt x 391.46153pt.

<../../diagrammeActivite/DACU10.png, id=25, 286.06876pt x 474.77374pt>
File: ../../diagrammeActivite/DACU10.png Graphic file (type png)

<use ../../diagrammeActivite/DACU10.png>
Package pdftex.def Info: ../../diagrammeActivite/DACU10.png used on input line 
18.
(pdftex.def)             Requested size: 286.06805pt x 474.77258pt.

Overfull \hbox (22.19188pt too wide) in paragraph at lines 9--19
 [] 
 []

[2 <../../diagrammeActivite/DACU1.png>]
Overfull \vbox (38.19688pt too high) has occurred while \output is active []


[3 <../../diagrammeActivite/DACU2.png>] [4 <../../diagrammeActivite/DACU3.png>]
[5 <../../diagrammeActivite/DACU4.png>]
Overfull \vbox (6.39816pt too high) has occurred while \output is active []


[6 <../../diagrammeActivite/DACU5.png>] [7 <../../diagrammeActivite/DACU6.png>]
[8 <../../diagrammeActivite/DACU7.png>] [9 <../../diagrammeActivite/DACU8.jpg> 
<../../diagrammeActivite/DACU9.jpg>]

LaTeX Warning: File `Decoupage MCD 1.png' not found on input line 25.

<Decoupage MCD 1.png, id=57, 1003.75pt x 1105.12875pt>
File: Decoupage MCD 1.png Graphic file (type png)

<use Decoupage MCD 1.png>
Package pdftex.def Info: Decoupage MCD 1.png used on input line 25.
(pdftex.def)             Requested size: 483.69687pt x 532.56364pt.


LaTeX Warning: File `Decoupage MCD 2.png' not found on input line 26.

<Decoupage MCD 2.png, id=58, 1003.75pt x 1278.7775pt>
File: Decoupage MCD 2.png Graphic file (type png)

<use Decoupage MCD 2.png>
Package pdftex.def Info: Decoupage MCD 2.png used on input line 26.
(pdftex.def)             Requested size: 483.69687pt x 616.2453pt.
 [10 <../../diagrammeActivite/DACU10.png>] [11 <./Decoupage MCD 1.png>]
<diagramme-etat-objet-contact.png, id=65, 777.90625pt x 218.8175pt>
File: diagramme-etat-objet-contact.png Graphic file (type png)

<use diagramme-etat-objet-contact.png>
Package pdftex.def Info: diagramme-etat-objet-contact.png used on input line 34
.
(pdftex.def)             Requested size: 483.69687pt x 136.06276pt.
 [12 <./Decoupage MCD 2.png>]
<../../webSequenceDiagrameSources/cu1.png, id=70, 822.07124pt x 447.6725pt>
File: ../../webSequenceDiagrameSources/cu1.png Graphic file (type png)

<use ../../webSequenceDiagrameSources/cu1.png>
Package pdftex.def Info: ../../webSequenceDiagrameSources/cu1.png used on input
 line 45.
(pdftex.def)             Requested size: 483.69687pt x 263.40723pt.

<../../webSequenceDiagrameSources/cu2.png, id=71, 1088.065pt x 586.19pt>
File: ../../webSequenceDiagrameSources/cu2.png Graphic file (type png)

<use ../../webSequenceDiagrameSources/cu2.png>
Package pdftex.def Info: ../../webSequenceDiagrameSources/cu2.png used on input
 line 46.
(pdftex.def)             Requested size: 483.69687pt x 260.58986pt.

<../../webSequenceDiagrameSources/cu3.png, id=72, 890.32625pt x 477.785pt>
File: ../../webSequenceDiagrameSources/cu3.png Graphic file (type png)

<use ../../webSequenceDiagrameSources/cu3.png>
Package pdftex.def Info: ../../webSequenceDiagrameSources/cu3.png used on input
 line 47.
(pdftex.def)             Requested size: 483.69687pt x 259.56749pt.

<../../webSequenceDiagrameSources/cu4.png, id=73, 1047.915pt x 914.41624pt>
File: ../../webSequenceDiagrameSources/cu4.png Graphic file (type png)

<use ../../webSequenceDiagrameSources/cu4.png>
Package pdftex.def Info: ../../webSequenceDiagrameSources/cu4.png used on input
 line 48.
(pdftex.def)             Requested size: 483.69687pt x 422.07373pt.

<../../webSequenceDiagrameSources/cu5.png, id=74, 1269.74374pt x 687.56876pt>
File: ../../webSequenceDiagrameSources/cu5.png Graphic file (type png)

<use ../../webSequenceDiagrameSources/cu5.png>
Package pdftex.def Info: ../../webSequenceDiagrameSources/cu5.png used on input
 line 49.
(pdftex.def)             Requested size: 483.69687pt x 261.91882pt.

<../../webSequenceDiagrameSources/cu6.png, id=75, 1177.39874pt x 1023.825pt>
File: ../../webSequenceDiagrameSources/cu6.png Graphic file (type png)

<use ../../webSequenceDiagrameSources/cu6.png>
Package pdftex.def Info: ../../webSequenceDiagrameSources/cu6.png used on input
 line 50.
(pdftex.def)             Requested size: 483.69687pt x 420.59895pt.

<../../webSequenceDiagrameSources/cu7.png, id=76, 1111.15125pt x 1558.82375pt>
File: ../../webSequenceDiagrameSources/cu7.png Graphic file (type png)

<use ../../webSequenceDiagrameSources/cu7.png>
Package pdftex.def Info: ../../webSequenceDiagrameSources/cu7.png used on input
 line 51.
(pdftex.def)             Requested size: 483.69687pt x 678.58237pt.

<../../webSequenceDiagrameSources/cu8.png, id=77, 1033.8625pt x 531.9875pt>
File: ../../webSequenceDiagrameSources/cu8.png Graphic file (type png)

<use ../../webSequenceDiagrameSources/cu8.png>
Package pdftex.def Info: ../../webSequenceDiagrameSources/cu8.png used on input
 line 52.
(pdftex.def)             Requested size: 483.69687pt x 248.8896pt.

<../../webSequenceDiagrameSources/cu9.png, id=78, 1077.02374pt x 637.38126pt>
File: ../../webSequenceDiagrameSources/cu9.png Graphic file (type png)

<use ../../webSequenceDiagrameSources/cu9.png>
Package pdftex.def Info: ../../webSequenceDiagrameSources/cu9.png used on input
 line 53.
(pdftex.def)             Requested size: 483.69687pt x 286.25482pt.

<../../webSequenceDiagrameSources/cu10.png, id=79, 572.1375pt x 712.6625pt>
File: ../../webSequenceDiagrameSources/cu10.png Graphic file (type png)

<use ../../webSequenceDiagrameSources/cu10.png>
Package pdftex.def Info: ../../webSequenceDiagrameSources/cu10.png used on inpu
t line 54.
(pdftex.def)             Requested size: 483.69687pt x 602.5037pt.
 [13 <./diagramme-etat-objet-contact.png>] [14 <../../webSequenceDiagrameSource
s/cu1.png> <../../webSequenceDiagrameSources/cu2.png>] [15 <../../webSequenceDi
agrameSources/cu3.png> <../../webSequenceDiagrameSources/cu4.png>] [16 <../../w
ebSequenceDiagrameSources/cu5.png> <../../webSequenceDiagrameSources/cu6.png>] 
[17 <../../webSequenceDiagrameSources/cu7.png>] [18 <../../webSequenceDiagrameS
ources/cu8.png> <../../webSequenceDiagrameSources/cu9.png>]
<diagramme-collaboration.png, id=101, 954.56625pt x 662.475pt>
File: diagramme-collaboration.png Graphic file (type png)

<use diagramme-collaboration.png>
Package pdftex.def Info: diagramme-collaboration.png used on input line 64.
(pdftex.def)             Requested size: 668.19183pt x 463.72934pt.
 [19 <../../webSequenceDiagrameSources/cu10.png>] [20 <./diagramme-collaboratio
n.png>]) (./conception-detaillee.tex
<diagramme-edf.png, id=109, 731.73375pt x 558.085pt>
File: diagramme-edf.png Graphic file (type png)
 <use diagramme-edf.png>
Package pdftex.def Info: diagramme-edf.png used on input line 15.
(pdftex.def)             Requested size: 483.69687pt x 368.9163pt.

[21 <./diagramme-edf.png>]
<../../ihm/pngIHM/login.png, id=114, 691.08188pt x 549.55313pt>
File: ../../ihm/pngIHM/login.png Graphic file (type png)

<use ../../ihm/pngIHM/login.png>
Package pdftex.def Info: ../../ihm/pngIHM/login.png used on input line 40.
(pdftex.def)             Requested size: 483.69687pt x 384.64264pt.

<../../ihm/pngIHM/ListeContacts.png, id=115, 1169.87062pt x 718.93594pt>
File: ../../ihm/pngIHM/ListeContacts.png Graphic file (type png)

<use ../../ihm/pngIHM/ListeContacts.png>
Package pdftex.def Info: ../../ihm/pngIHM/ListeContacts.png used on input line 
48.
(pdftex.def)             Requested size: 483.69687pt x 297.25584pt.
 [22 <../../ihm/pngIHM/login.png>]
<../../ihm/pngIHM/ContactEntretiens1.png, id=120, 1169.87062pt x 718.93594pt>
File: ../../ihm/pngIHM/ContactEntretiens1.png Graphic file (type png)

<use ../../ihm/pngIHM/ContactEntretiens1.png>
Package pdftex.def Info: ../../ihm/pngIHM/ContactEntretiens1.png used on input 
line 56.
(pdftex.def)             Requested size: 483.69687pt x 297.25584pt.

<../../ihm/pngIHM/ContactEntretiens2.png, id=121, 1169.87062pt x 718.93594pt>
File: ../../ihm/pngIHM/ContactEntretiens2.png Graphic file (type png)

<use ../../ihm/pngIHM/ContactEntretiens2.png>
Package pdftex.def Info: ../../ihm/pngIHM/ContactEntretiens2.png used on input 
line 63.
(pdftex.def)             Requested size: 483.69687pt x 297.25584pt.
 [23 <../../ihm/pngIHM/ListeContacts.png> <../../ihm/pngIHM/ContactEntretiens1.
png>]
<../../ihm/pngIHM/ChoixAgent.png, id=125, 388.45125pt x 313.17pt>
File: ../../ihm/pngIHM/ChoixAgent.png Graphic file (type png)

<use ../../ihm/pngIHM/ChoixAgent.png>
Package pdftex.def Info: ../../ihm/pngIHM/ChoixAgent.png used on input line 71.

(pdftex.def)             Requested size: 483.69687pt x 389.96582pt.
 [24 <../../ihm/pngIHM/ContactEntretiens2.png> <../../ihm/pngIHM/ChoixAgent.png
>]
<../../ihm/pngIHM/CalendrierHebdomadaire.png, id=130, 1169.87062pt x 718.93594p
t>
File: ../../ihm/pngIHM/CalendrierHebdomadaire.png Graphic file (type png)
 <use ../../ihm/pngIHM/CalendrierHebdomadaire.png>
Package pdftex.def Info: ../../ihm/pngIHM/CalendrierHebdomadaire.png used on in
put line 80.
(pdftex.def)             Requested size: 483.69687pt x 297.25584pt.

<../../ihm/pngIHM/CalendrierQuotidien.png, id=131, 1169.87062pt x 718.93594pt>
File: ../../ihm/pngIHM/CalendrierQuotidien.png Graphic file (type png)

<use ../../ihm/pngIHM/CalendrierQuotidien.png>
Package pdftex.def Info: ../../ihm/pngIHM/CalendrierQuotidien.png used on input
 line 89.
(pdftex.def)             Requested size: 483.69687pt x 297.25584pt.

<../../ihm/pngIHM/ListeClients.png, id=132, 867.24pt x 587.19376pt>
File: ../../ihm/pngIHM/ListeClients.png Graphic file (type png)

<use ../../ihm/pngIHM/ListeClients.png>
Package pdftex.def Info: ../../ihm/pngIHM/ListeClients.png used on input line 9
7.
(pdftex.def)             Requested size: 483.69687pt x 327.50916pt.
 [25 <../../ihm/pngIHM/CalendrierHebdomadaire.png> <../../ihm/pngIHM/Calendrier
Quotidien.png>]
<../../ihm/pngIHM/NouveauContactSpontanne.png, id=136, 388.45125pt x 343.2825pt
>
File: ../../ihm/pngIHM/NouveauContactSpontanne.png Graphic file (type png)
 <use ../../ihm/pngIHM/NouveauContactSpontanne.png>
Package pdftex.def Info: ../../ihm/pngIHM/NouveauContactSpontanne.png used on i
nput line 105.
(pdftex.def)             Requested size: 483.69687pt x 427.46254pt.
 [26 <../../ihm/pngIHM/ListeClients.png>] [27 <../../ihm/pngIHM/NouveauContactS
pontanne.png>] [28])
(./architecture.tex <Arch2Heberge.png, id=147, 821.469pt x 579.3645pt>
File: Arch2Heberge.png Graphic file (type png)

<use Arch2Heberge.png>
Package pdftex.def Info: Arch2Heberge.png used on input line 15.
(pdftex.def)             Requested size: 483.69687pt x 341.15022pt.
 <repartition_bloc.png, id=148, 458.9145pt x 181.8795pt>
File: repartition_bloc.png Graphic file (type png)

<use repartition_bloc.png>
Package pdftex.def Info: repartition_bloc.png used on input line 29.
(pdftex.def)             Requested size: 483.69687pt x 191.70343pt.
 [29 <./Arch2Heberge.png>]
Overfull \hbox (3.52037pt too wide) in paragraph at lines 65--67
 \T1/lmr/bx/n/10 Ré-pli-ca-tion des-cen-dante[] \T1/lmr/m/n/10 Comme in-di-qué 
pré-cé-dem-ment, les don-nées des blocs \T1/lmr/bx/n/10 Pro-duits\T1/lmr/m/n/10
 , \T1/lmr/bx/n/10 Client \T1/lmr/m/n/10 et \T1/lmr/bx/n/10 Agence
 []

[30 <./repartition_bloc.png>]) [31] (./compte-rendu-final.aux) ) 
Here is how much of TeX's memory you used:
 5226 strings out of 493633
 79307 string characters out of 3143378
 148960 words of memory out of 3000000
 8378 multiletter control sequences out of 15000+200000
 43465 words of font info for 34 fonts, out of 3000000 for 9000
 831 hyphenation exceptions out of 8191
 38i,10n,43p,506b,591s stack positions out of 5000i,500n,10000p,200000b,50000s
{/usr/local/tex
live/2011/texmf-dist/fonts/enc/dvips/lm/lm-ec.enc}</usr/local/texlive/2011/texm
f-dist/fonts/type1/public/lm/lmbx10.pfb></usr/local/texlive/2011/texmf-dist/fon
ts/type1/public/lm/lmbx12.pfb></usr/local/texlive/2011/texmf-dist/fonts/type1/p
ublic/lm/lmcsc10.pfb></usr/local/texlive/2011/texmf-dist/fonts/type1/public/lm/
lmr10.pfb></usr/local/texlive/2011/texmf-dist/fonts/type1/public/lm/lmr12.pfb><
/usr/local/texlive/2011/texmf-dist/fonts/type1/public/lm/lmr17.pfb></usr/local/
texlive/2011/texmf-dist/fonts/type1/public/lm/lmri10.pfb>
Output written on compte-rendu-final.pdf (32 pages, 3337592 bytes).
PDF statistics:
 184 PDF objects out of 1000 (max. 8388607)
 95 compressed objects within 1 object stream
 0 named destinations out of 1000 (max. 500000)
 181 words of extra memory for PDF output out of 10000 (max. 10000000)

